<?xml version="1.0" encoding="UTF-8"?>
<!-- Generated by org.testng.reporters.JUnitXMLReporter -->
<testsuite ignored="3" hostname="TYSS-Apoorva" failures="0" tests="5" name="Test" time="25.304" errors="0" timestamp="2024-02-16T12:49:54 IST">
  <testcase classname="testScript.To_lunch_Ajio" name="ajioApp" time="4.666"/>
  <testcase classname="testScript.To_lunch_Meesho" name="meesho" time="9.346"/>
  <testcase classname="testScript.To_lunch_DemoWebshop" name="demoWebshop" time="4.299"/>
  <testcase classname="testScript.To_lunch_Apple" name="apple" time="2.396"/>
  <testcase classname="testScript.To_lunch_Flipcart" name="flipcart" time="4.502"/>
  <testcase classname="testScript.To_lunch_Lakme" name="lakmeindia" time="0.0">
    <ignored/>
  </testcase> <!-- lakmeindia -->
  <testcase classname="testScript.To_Iunch_Lorealparis" name="lorealparis" time="0.0">
    <ignored/>
  </testcase> <!-- lorealparis -->
  <testcase classname="testScript.To_lunch_Maybelline" name="maybelline" time="0.0">
    <ignored/>
  </testcase> <!-- maybelline -->
</testsuite> <!-- Test -->
