<?xml version="1.0" encoding="UTF-8"?>
<testng-results ignored="3" total="8" passed="5" failed="0" skipped="0">
  <reporter-output>
  </reporter-output>
  <suite started-at="2024-02-16T12:49:28 IST" name="Suite" finished-at="2024-02-16T12:49:54 IST" duration-ms="25304">
    <groups>
      <group name="E">
        <method signature="To_lunch_Ajio.ajioApp()[pri:0, instance:testScript.To_lunch_Ajio@524d6d96]" name="ajioApp" class="testScript.To_lunch_Ajio"/>
        <method signature="To_lunch_DemoWebshop.demoWebshop()[pri:0, instance:testScript.To_lunch_DemoWebshop@44a7bfbc]" name="demoWebshop" class="testScript.To_lunch_DemoWebshop"/>
        <method signature="To_lunch_Flipcart.flipcart()[pri:0, instance:testScript.To_lunch_Flipcart@776b83cc]" name="flipcart" class="testScript.To_lunch_Flipcart"/>
        <method signature="To_lunch_Meesho.meesho()[pri:0, instance:testScript.To_lunch_Meesho@152aa092]" name="meesho" class="testScript.To_lunch_Meesho"/>
      </group> <!-- E -->
      <group name="M">
        <method signature="To_lunch_Apple.apple()[pri:0, instance:testScript.To_lunch_Apple@4ef37659]" name="apple" class="testScript.To_lunch_Apple"/>
      </group> <!-- M -->
    </groups>
    <test started-at="2024-02-16T12:49:28 IST" name="Test" finished-at="2024-02-16T12:49:54 IST" duration-ms="25304">
      <class name="testScript.To_lunch_DemoWebshop">
        <test-method signature="demoWebshop()[pri:0, instance:testScript.To_lunch_DemoWebshop@44a7bfbc]" started-at="2024-02-16T12:49:42 IST" name="demoWebshop" finished-at="2024-02-16T12:49:47 IST" duration-ms="4299" status="PASS">
          <reporter-output>
          </reporter-output>
        </test-method> <!-- demoWebshop -->
      </class> <!-- testScript.To_lunch_DemoWebshop -->
      <class name="testScript.To_lunch_Apple">
        <test-method signature="apple()[pri:0, instance:testScript.To_lunch_Apple@4ef37659]" started-at="2024-02-16T12:49:47 IST" name="apple" finished-at="2024-02-16T12:49:49 IST" duration-ms="2396" status="PASS">
          <reporter-output>
          </reporter-output>
        </test-method> <!-- apple -->
      </class> <!-- testScript.To_lunch_Apple -->
      <class name="testScript.To_lunch_Meesho">
        <test-method signature="meesho()[pri:0, instance:testScript.To_lunch_Meesho@152aa092]" started-at="2024-02-16T12:49:33 IST" name="meesho" finished-at="2024-02-16T12:49:42 IST" duration-ms="9346" status="PASS">
          <reporter-output>
          </reporter-output>
        </test-method> <!-- meesho -->
      </class> <!-- testScript.To_lunch_Meesho -->
      <class name="testScript.To_lunch_Ajio">
        <test-method signature="ajioApp()[pri:0, instance:testScript.To_lunch_Ajio@524d6d96]" started-at="2024-02-16T12:49:28 IST" name="ajioApp" finished-at="2024-02-16T12:49:33 IST" duration-ms="4666" status="PASS">
          <reporter-output>
          </reporter-output>
        </test-method> <!-- ajioApp -->
      </class> <!-- testScript.To_lunch_Ajio -->
      <class name="testScript.To_lunch_Flipcart">
        <test-method signature="flipcart()[pri:0, instance:testScript.To_lunch_Flipcart@776b83cc]" started-at="2024-02-16T12:49:49 IST" name="flipcart" finished-at="2024-02-16T12:49:54 IST" duration-ms="4502" status="PASS">
          <reporter-output>
          </reporter-output>
        </test-method> <!-- flipcart -->
      </class> <!-- testScript.To_lunch_Flipcart -->
    </test> <!-- Test -->
  </suite> <!-- Suite -->
</testng-results>
